{"C:\\Users\\Admin\\Desktop\\myprojectsv2\\the-meal\\src\\modules\\likes.js": {"path":"C:\\Users\\Admin\\Desktop\\myprojectsv2\\the-meal\\src\\modules\\likes.js","statementMap":{"0":{"start":{"line":1,"column":19},"end":{"line":1,"column":59}},"1":{"start":{"line":3,"column":2},"end":{"line":3,"column":102}},"2":{"start":{"line":6,"column":30},"end":{"line":20,"column":1}},"3":{"start":{"line":7,"column":16},"end":{"line":7,"column":56}},"4":{"start":{"line":8,"column":20},"end":{"line":8,"column":62}},"5":{"start":{"line":9,"column":2},"end":{"line":19,"column":7}},"6":{"start":{"line":10,"column":24},"end":{"line":10,"column":39}},"7":{"start":{"line":12,"column":6},"end":{"line":18,"column":9}},"8":{"start":{"line":13,"column":8},"end":{"line":17,"column":11}},"9":{"start":{"line":14,"column":10},"end":{"line":16,"column":11}},"10":{"start":{"line":15,"column":12},"end":{"line":15,"column":52}},"11":{"start":{"line":21,"column":32},"end":{"line":39,"column":1}},"12":{"start":{"line":22,"column":22},"end":{"line":22,"column":62}},"13":{"start":{"line":23,"column":23},"end":{"line":23,"column":65}},"14":{"start":{"line":24,"column":2},"end":{"line":38,"column":5}},"15":{"start":{"line":25,"column":4},"end":{"line":37,"column":7}},"16":{"start":{"line":26,"column":6},"end":{"line":26,"column":34}},"17":{"start":{"line":27,"column":6},"end":{"line":27,"column":80}},"18":{"start":{"line":28,"column":6},"end":{"line":36,"column":9}}},"fnMap":{"0":{"name":"(anonymous_0)","decl":{"start":{"line":6,"column":30},"end":{"line":6,"column":31}},"loc":{"start":{"line":6,"column":42},"end":{"line":20,"column":1}},"line":6},"1":{"name":"(anonymous_1)","decl":{"start":{"line":10,"column":10},"end":{"line":10,"column":11}},"loc":{"start":{"line":10,"column":24},"end":{"line":10,"column":39}},"line":10},"2":{"name":"(anonymous_2)","decl":{"start":{"line":11,"column":10},"end":{"line":11,"column":11}},"loc":{"start":{"line":11,"column":20},"end":{"line":19,"column":5}},"line":11},"3":{"name":"(anonymous_3)","decl":{"start":{"line":12,"column":20},"end":{"line":12,"column":21}},"loc":{"start":{"line":12,"column":37},"end":{"line":18,"column":7}},"line":12},"4":{"name":"(anonymous_4)","decl":{"start":{"line":13,"column":21},"end":{"line":13,"column":22}},"loc":{"start":{"line":13,"column":31},"end":{"line":17,"column":9}},"line":13},"5":{"name":"(anonymous_5)","decl":{"start":{"line":21,"column":32},"end":{"line":21,"column":33}},"loc":{"start":{"line":21,"column":44},"end":{"line":39,"column":1}},"line":21},"6":{"name":"(anonymous_6)","decl":{"start":{"line":24,"column":22},"end":{"line":24,"column":23}},"loc":{"start":{"line":24,"column":38},"end":{"line":38,"column":3}},"line":24},"7":{"name":"(anonymous_7)","decl":{"start":{"line":25,"column":34},"end":{"line":25,"column":35}},"loc":{"start":{"line":25,"column":41},"end":{"line":37,"column":5}},"line":25}},"branchMap":{"0":{"loc":{"start":{"line":14,"column":10},"end":{"line":16,"column":11}},"type":"if","locations":[{"start":{"line":14,"column":10},"end":{"line":16,"column":11}},{"start":{},"end":{}}],"line":14}},"s":{"0":1,"1":1,"2":1,"3":0,"4":0,"5":0,"6":0,"7":0,"8":0,"9":0,"10":0,"11":1,"12":0,"13":0,"14":0,"15":0,"16":0,"17":0,"18":0},"f":{"0":0,"1":0,"2":0,"3":0,"4":0,"5":0,"6":0,"7":0},"b":{"0":[0,0]},"_coverageSchema":"1a1c01bbd47fc00a2c39e90264f33305004495a9","hash":"e9e222734bc56c79645deec9842b9f5e9b05eb7b"}
,"C:\\Users\\Admin\\Desktop\\myprojectsv2\\the-meal\\src\\modules\\mealsMenu.js": {"path":"C:\\Users\\Admin\\Desktop\\myprojectsv2\\the-meal\\src\\modules\\mealsMenu.js","statementMap":{"0":{"start":{"line":3,"column":23},"end":{"line":3,"column":64}},"1":{"start":{"line":4,"column":20},"end":{"line":4,"column":58}},"2":{"start":{"line":9,"column":20},"end":{"line":9,"column":77}},"3":{"start":{"line":11,"column":23},"end":{"line":26,"column":1}},"4":{"start":{"line":12,"column":2},"end":{"line":12,"column":32}},"5":{"start":{"line":13,"column":19},"end":{"line":13,"column":35}},"6":{"start":{"line":14,"column":21},"end":{"line":14,"column":42}},"7":{"start":{"line":15,"column":24},"end":{"line":15,"column":40}},"8":{"start":{"line":16,"column":30},"end":{"line":16,"column":32}},"9":{"start":{"line":17,"column":2},"end":{"line":23,"column":4}},"10":{"start":{"line":19,"column":6},"end":{"line":22,"column":13}},"11":{"start":{"line":24,"column":2},"end":{"line":24,"column":61}},"12":{"start":{"line":25,"column":2},"end":{"line":25,"column":15}},"13":{"start":{"line":34,"column":28},"end":{"line":41,"column":1}},"14":{"start":{"line":35,"column":22},"end":{"line":35,"column":63}},"15":{"start":{"line":36,"column":2},"end":{"line":40,"column":5}},"16":{"start":{"line":37,"column":4},"end":{"line":39,"column":5}},"17":{"start":{"line":38,"column":6},"end":{"line":38,"column":44}},"18":{"start":{"line":42,"column":24},"end":{"line":45,"column":1}},"19":{"start":{"line":43,"column":21},"end":{"line":43,"column":45}},"20":{"start":{"line":44,"column":2},"end":{"line":44,"column":20}},"21":{"start":{"line":47,"column":23},"end":{"line":79,"column":1}},"22":{"start":{"line":48,"column":14},"end":{"line":48,"column":79}},"23":{"start":{"line":49,"column":2},"end":{"line":49,"column":29}},"24":{"start":{"line":51,"column":19},"end":{"line":51,"column":35}},"25":{"start":{"line":52,"column":21},"end":{"line":52,"column":42}},"26":{"start":{"line":53,"column":21},"end":{"line":53,"column":37}},"27":{"start":{"line":54,"column":16},"end":{"line":54,"column":36}},"28":{"start":{"line":56,"column":2},"end":{"line":56,"column":31}},"29":{"start":{"line":58,"column":29},"end":{"line":74,"column":3}},"30":{"start":{"line":59,"column":14},"end":{"line":73,"column":11}},"31":{"start":{"line":76,"column":2},"end":{"line":76,"column":55}},"32":{"start":{"line":77,"column":2},"end":{"line":77,"column":21}},"33":{"start":{"line":78,"column":2},"end":{"line":78,"column":19}},"34":{"start":{"line":81,"column":26},"end":{"line":101,"column":1}},"35":{"start":{"line":82,"column":18},"end":{"line":82,"column":61}},"36":{"start":{"line":83,"column":2},"end":{"line":100,"column":5}},"37":{"start":{"line":84,"column":4},"end":{"line":99,"column":7}},"38":{"start":{"line":85,"column":6},"end":{"line":85,"column":25}},"39":{"start":{"line":86,"column":23},"end":{"line":86,"column":43}},"40":{"start":{"line":88,"column":6},"end":{"line":90,"column":13}},"41":{"start":{"line":91,"column":6},"end":{"line":91,"column":43}},"42":{"start":{"line":98,"column":6},"end":{"line":98,"column":31}}},"fnMap":{"0":{"name":"(anonymous_0)","decl":{"start":{"line":11,"column":23},"end":{"line":11,"column":24}},"loc":{"start":{"line":11,"column":38},"end":{"line":26,"column":1}},"line":11},"1":{"name":"(anonymous_1)","decl":{"start":{"line":18,"column":4},"end":{"line":18,"column":5}},"loc":{"start":{"line":19,"column":6},"end":{"line":22,"column":13}},"line":19},"2":{"name":"(anonymous_2)","decl":{"start":{"line":34,"column":28},"end":{"line":34,"column":29}},"loc":{"start":{"line":34,"column":46},"end":{"line":41,"column":1}},"line":34},"3":{"name":"(anonymous_3)","decl":{"start":{"line":36,"column":22},"end":{"line":36,"column":23}},"loc":{"start":{"line":36,"column":36},"end":{"line":40,"column":3}},"line":36},"4":{"name":"(anonymous_4)","decl":{"start":{"line":42,"column":24},"end":{"line":42,"column":25}},"loc":{"start":{"line":42,"column":34},"end":{"line":45,"column":1}},"line":42},"5":{"name":"(anonymous_5)","decl":{"start":{"line":47,"column":23},"end":{"line":47,"column":24}},"loc":{"start":{"line":47,"column":42},"end":{"line":79,"column":1}},"line":47},"6":{"name":"(anonymous_6)","decl":{"start":{"line":59,"column":4},"end":{"line":59,"column":5}},"loc":{"start":{"line":59,"column":14},"end":{"line":73,"column":11}},"line":59},"7":{"name":"(anonymous_7)","decl":{"start":{"line":81,"column":26},"end":{"line":81,"column":27}},"loc":{"start":{"line":81,"column":32},"end":{"line":101,"column":1}},"line":81},"8":{"name":"(anonymous_8)","decl":{"start":{"line":83,"column":18},"end":{"line":83,"column":19}},"loc":{"start":{"line":83,"column":27},"end":{"line":100,"column":3}},"line":83},"9":{"name":"(anonymous_9)","decl":{"start":{"line":84,"column":34},"end":{"line":84,"column":35}},"loc":{"start":{"line":84,"column":41},"end":{"line":99,"column":5}},"line":84}},"branchMap":{"0":{"loc":{"start":{"line":37,"column":4},"end":{"line":39,"column":5}},"type":"if","locations":[{"start":{"line":37,"column":4},"end":{"line":39,"column":5}},{"start":{},"end":{}}],"line":37},"1":{"loc":{"start":{"line":88,"column":6},"end":{"line":90,"column":12}},"type":"cond-expr","locations":[{"start":{"line":89,"column":10},"end":{"line":89,"column":78}},{"start":{"line":90,"column":10},"end":{"line":90,"column":12}}],"line":88}},"s":{"0":1,"1":1,"2":1,"3":1,"4":0,"5":0,"6":0,"7":0,"8":0,"9":0,"10":0,"11":0,"12":0,"13":1,"14":0,"15":0,"16":0,"17":0,"18":1,"19":1,"20":1,"21":1,"22":0,"23":0,"24":0,"25":0,"26":0,"27":0,"28":0,"29":0,"30":0,"31":0,"32":0,"33":0,"34":1,"35":0,"36":0,"37":0,"38":0,"39":0,"40":0,"41":0,"42":0},"f":{"0":0,"1":0,"2":0,"3":0,"4":1,"5":0,"6":0,"7":0,"8":0,"9":0},"b":{"0":[0,0],"1":[0,0]},"_coverageSchema":"1a1c01bbd47fc00a2c39e90264f33305004495a9","hash":"6f979b8bf38702021982ed921d52399179c2f689"}
}
